<?xml version="1.0" encoding="UTF-8"?>
<testng-results skipped="0" failed="0" ignored="0" total="5" passed="5">
  <reporter-output>
  </reporter-output>
  <suite name="Default suite" duration-ms="65" started-at="2022-05-14T07:55:13 IST" finished-at="2022-05-14T07:55:13 IST">
    <groups>
    </groups>
    <test name="Default test" duration-ms="65" started-at="2022-05-14T07:55:13 IST" finished-at="2022-05-14T07:55:13 IST">
      <class name="testng.TestNgParam1">
        <test-method status="PASS" signature="Param1()[pri:0, instance:testng.TestNgParam1@27a8c74e]" name="Param1" duration-ms="8" started-at="2022-05-14T07:55:13 IST" finished-at="2022-05-14T07:55:13 IST">
          <reporter-output>
          </reporter-output>
        </test-method> <!-- Param1 -->
        <test-method status="PASS" signature="Param1()[pri:0, instance:testng.TestNgParam1@27a8c74e]" name="Param1" duration-ms="2" started-at="2022-05-14T07:55:13 IST" finished-at="2022-05-14T07:55:13 IST">
          <reporter-output>
          </reporter-output>
        </test-method> <!-- Param1 -->
        <test-method status="PASS" signature="Param1()[pri:0, instance:testng.TestNgParam1@27a8c74e]" name="Param1" duration-ms="2" started-at="2022-05-14T07:55:13 IST" finished-at="2022-05-14T07:55:13 IST">
          <reporter-output>
          </reporter-output>
        </test-method> <!-- Param1 -->
        <test-method status="PASS" signature="Param1()[pri:0, instance:testng.TestNgParam1@27a8c74e]" name="Param1" duration-ms="1" started-at="2022-05-14T07:55:13 IST" finished-at="2022-05-14T07:55:13 IST">
          <reporter-output>
          </reporter-output>
        </test-method> <!-- Param1 -->
        <test-method status="PASS" signature="Param1()[pri:0, instance:testng.TestNgParam1@27a8c74e]" name="Param1" duration-ms="2" started-at="2022-05-14T07:55:13 IST" finished-at="2022-05-14T07:55:13 IST">
          <reporter-output>
          </reporter-output>
        </test-method> <!-- Param1 -->
      </class> <!-- testng.TestNgParam1 -->
    </test> <!-- Default test -->
  </suite> <!-- Default suite -->
</testng-results>
