<?xml version="1.0" encoding="UTF-8"?>
<!-- Generated by org.testng.reporters.JUnitXMLReporter -->
<testsuite hostname="VITTHAL" ignored="0" name="Default test" tests="5" failures="0" timestamp="2022-05-14T07:55:13 IST" time="0.065" errors="0">
  <testcase name="Param1" time="0.008" classname="testng.TestNgParam1"/>
  <testcase name="Param1" time="0.002" classname="testng.TestNgParam1"/>
  <testcase name="Param1" time="0.002" classname="testng.TestNgParam1"/>
  <testcase name="Param1" time="0.001" classname="testng.TestNgParam1"/>
  <testcase name="Param1" time="0.002" classname="testng.TestNgParam1"/>
</testsuite> <!-- Default test -->
